# JRE version: OpenJDK Runtime Environment (11.0.2+9) (build 11.0.2+9)
# Java VM: OpenJDK 64-Bit Server VM (11.0.2+9, mixed mode, tiered, compressed oops, g1 gc, windows-amd64)
Heap:
 garbage-first heap   total 331776K, used 118214K [0x0000000740000000, 0x0000000800000000)
  region size 1024K, 17 young (17408K), 0 survivors (0K)
 Metaspace       used 100026K, capacity 101286K, committed 104912K, reserved 1138688K
  class space    used 13150K, capacity 13638K, committed 14976K, reserved 1048576K
GC Heap History (10 events):
Event: 82992.501 GC heap before
{Heap before GC invocations=2963 (full 1118):
 garbage-first heap   total 331776K, used 166873K [0x0000000740000000, 0x0000000800000000)
  region size 1024K, 60 young (61440K), 1 survivors (1024K)
 Metaspace       used 100016K, capacity 101286K, committed 104912K, reserved 1138688K
  class space    used 13150K, capacity 13638K, committed 14976K, reserved 1048576K
}
Event: 82992.502 GC heap after
{Heap after GC invocations=2964 (full 1118):
 garbage-first heap   total 331776K, used 106497K [0x0000000740000000, 0x0000000800000000)
  region size 1024K, 1 young (1024K), 1 survivors (1024K)
 Metaspace       used 100016K, capacity 101286K, committed 104912K, reserved 1138688K
  class space    used 13150K, capacity 13638K, committed 14976K, reserved 1048576K
}
Event: 83032.460 GC heap before
{Heap before GC invocations=2964 (full 1118):
 garbage-first heap   total 331776K, used 166913K [0x0000000740000000, 0x0000000800000000)
  region size 1024K, 60 young (61440K), 1 survivors (1024K)
 Metaspace       used 100016K, capacity 101286K, committed 104912K, reserved 1138688K
  class space    used 13150K, capacity 13638K, committed 14976K, reserved 1048576K
}
Event: 83032.464 GC heap after
{Heap after GC invocations=2965 (full 1118):
 garbage-first heap   total 331776K, used 106460K [0x0000000740000000, 0x0000000800000000)
  region size 1024K, 1 young (1024K), 1 survivors (1024K)
 Metaspace       used 100016K, capacity 101286K, committed 104912K, reserved 1138688K
  class space    used 13150K, capacity 13638K, committed 14976K, reserved 1048576K
}
Event: 83052.473 GC heap before
{Heap before GC invocations=2965 (full 1118):
 garbage-first heap   total 331776K, used 166876K [0x0000000740000000, 0x0000000800000000)
  region size 1024K, 60 young (61440K), 1 survivors (1024K)
 Metaspace       used 100016K, capacity 101286K, committed 104912K, reserved 1138688K
  class space    used 13150K, capacity 13638K, committed 14976K, reserved 1048576K
}
Event: 83052.474 GC heap after
{Heap after GC invocations=2966 (full 1118):
 garbage-first heap   total 331776K, used 106421K [0x0000000740000000, 0x0000000800000000)
  region size 1024K, 1 young (1024K), 1 survivors (1024K)
 Metaspace       used 100016K, capacity 101286K, committed 104912K, reserved 1138688K
  class space    used 13150K, capacity 13638K, committed 14976K, reserved 1048576K
}
Event: 83076.176 GC heap before
{Heap before GC invocations=2966 (full 1118):
 garbage-first heap   total 331776K, used 166837K [0x0000000740000000, 0x0000000800000000)
  region size 1024K, 60 young (61440K), 1 survivors (1024K)
 Metaspace       used 100016K, capacity 101286K, committed 104912K, reserved 1138688K
  class space    used 13150K, capacity 13638K, committed 14976K, reserved 1048576K
}
Event: 83076.177 GC heap after
{Heap after GC invocations=2967 (full 1118):
 garbage-first heap   total 331776K, used 106616K [0x0000000740000000, 0x0000000800000000)
  region size 1024K, 1 young (1024K), 1 survivors (1024K)
 Metaspace       used 100016K, capacity 101286K, committed 104912K, reserved 1138688K
  class space    used 13150K, capacity 13638K, committed 14976K, reserved 1048576K
}
Event: 83078.677 GC heap before
{Heap before GC invocations=2967 (full 1118):
 garbage-first heap   total 331776K, used 146552K [0x0000000740000000, 0x0000000800000000)
  region size 1024K, 41 young (41984K), 1 survivors (1024K)
 Metaspace       used 100024K, capacity 101286K, committed 104912K, reserved 1138688K
  class space    used 13150K, capacity 13638K, committed 14976K, reserved 1048576K
}
Event: 83078.873 GC heap after
{Heap after GC invocations=2968 (full 1119):
 garbage-first heap   total 331776K, used 101830K [0x0000000740000000, 0x0000000800000000)
  region size 1024K, 0 young (0K), 0 survivors (0K)
 Metaspace       used 100024K, capacity 101286K, committed 104912K, reserved 1138688K
  class space    used 13150K, capacity 13638K, committed 14976K, reserved 1048576K
}

